<?xml version="1.0" encoding="UTF-8"?>
<!-- Generated by org.testng.reporters.JUnitReportReporter -->
<testsuite hostname="INPU1WHP6192557" failures="0" tests="1" name="practise.ps1" time="0.007" errors="0" timestamp="2023-12-17T07:43:37 IST" skipped="0">
  <testcase classname="practise.ps1" name="testRun" time="0.007"/>
  <system-out/>
</testsuite> <!-- practise.ps1 -->
